<?xml version="1.0" encoding="utf-8"?><testsuites name="pytest tests"><testsuite name="pytest" errors="0" failures="0" skipped="0" tests="8" time="13.940" timestamp="2026-05-25T10:05:00.747385+00:00" hostname="agent-env-2833f293-f521-44ca-91ed-cb1077c3aa8a"><testcase classname="backend.tests.test_turnix_v2_1.TestForgotPassword" name="test_a_forgot_known_email_returns_ok" time="0.714" /><testcase classname="backend.tests.test_turnix_v2_1.TestForgotPassword" name="test_b_unknown_email_still_200" time="0.402" /><testcase classname="backend.tests.test_turnix_v2_1.TestForgotPassword" name="test_c_codigo_grabado_en_db" time="1.580" /><testcase classname="backend.tests.test_turnix_v2_1.TestForgotPassword" name="test_d_verify_codigo_incorrecto" time="1.014" /><testcase classname="backend.tests.test_turnix_v2_1.TestForgotPassword" name="test_e_full_reset_flow_and_restore" time="3.569" /><testcase classname="backend.tests.test_turnix_v2_1.TestHistorialMedicoFields" name="test_get_historial_user1_tiene_campos_medico" time="0.425" /><testcase classname="backend.tests.test_turnix_v2_1.TestPDFJustificanteProfesional" name="test_pdf_287_tiene_datos_profesional_completos" time="0.537" /><testcase classname="backend.tests.test_turnix_v2_1" name="test_chat_post_aceptacion_full_flow" time="5.577" /></testsuite></testsuites>