<?xml version="1.0" encoding="utf-8"?><testsuites name="pytest tests"><testsuite name="pytest" errors="0" failures="0" skipped="0" tests="9" time="9.539" timestamp="2026-05-25T09:21:11.992551+00:00" hostname="agent-env-2833f293-f521-44ca-91ed-cb1077c3aa8a"><testcase classname="backend.tests.test_turnix_backend" name="test_health_ok" time="0.452" /><testcase classname="backend.tests.test_turnix_backend.TestAuthLogin" name="test_paciente_login_ok" time="0.436" /><testcase classname="backend.tests.test_turnix_backend.TestAuthLogin" name="test_medico_rest_login_rechazado" time="0.721" /><testcase classname="backend.tests.test_turnix_backend.TestAuthLogin" name="test_admin_login_endpoint_ok" time="0.422" /><testcase classname="backend.tests.test_turnix_backend.TestAuthLogin" name="test_paciente_login_bad_password" time="0.412" /><testcase classname="backend.tests.test_turnix_backend.TestJustificantePDF" name="test_pdf_estructura_y_campos" time="0.558" /><testcase classname="backend.tests.test_turnix_backend" name="test_webrtc_call_request_forwarded_to_target" time="2.137" /><testcase classname="backend.tests.test_turnix_backend" name="test_webrtc_call_accept_forwarded_back_to_medico" time="2.170" /><testcase classname="backend.tests.test_turnix_backend" name="test_webrtc_offer_with_json_payload_preserved" time="2.141" /></testsuite></testsuites>