<?xml version="1.0" encoding="utf-8"?><testsuites name="pytest tests"><testsuite name="pytest" errors="0" failures="0" skipped="0" tests="18" time="16.993" timestamp="2026-05-30T18:24:06.499512+00:00" hostname="agent-env-29845dd7-15bf-49dc-a393-8df0c7c64825"><testcase classname="test_recetas.TestHealth" name="test_health_ok" time="0.479" /><testcase classname="test_recetas.TestRecetasListado" name="test_listado_paciente_4_es_lista" time="0.433" /><testcase classname="test_recetas.TestRecetasListado" name="test_listado_paciente_inexistente_devuelve_lista_vacia" time="0.416" /><testcase classname="test_recetas.TestRecetasPDF" name="test_pdf_basico_magic_bytes" time="0.907" /><testcase classname="test_recetas.TestRecetasPDF" name="test_pdf_403_si_paciente_no_corresponde" time="0.837" /><testcase classname="test_recetas.TestRecetasPDF" name="test_pdf_404_si_receta_no_existe" time="0.418" /><testcase classname="test_recetas.TestRecetasPDF" name="test_pdf_de_receta_recien_creada_contiene_image_stream" time="1.751" /><testcase classname="test_recetas.TestRecetaCreacion" name="test_crear_receta_con_firma_ok" time="1.691" /><testcase classname="test_recetas.TestRecetaCreacion" name="test_crear_receta_firma_vacia_no_es_500" time="1.258" /><testcase classname="test_recetas.TestRecetaCreacion" name="test_crear_receta_password_incorrecta_401" time="0.412" /><testcase classname="test_recetas.TestRecetaCreacion" name="test_crear_receta_paciente_inexistente_404" time="0.629" /><testcase classname="test_recetas.TestRecetaCreacion" name="test_crear_receta_campos_obligatorios_400" time="0.092" /><testcase classname="test_recetas.TestRecetaCreacion" name="test_unique_turno_id_no_rompe" time="2.509" /><testcase classname="test_recetas.TestColumnaEmailFix" name="test_historial_turnos_no_falla_por_email" time="0.422" /><testcase classname="test_recetas.TestColumnaEmailFix" name="test_turno_detalles_no_falla_por_email" time="0.549" /><testcase classname="test_recetas.TestWSLogin" name="test_ws_login_medico" time="0.824" /><testcase classname="test_recetas.TestWSLogin" name="test_ws_login_paciente" time="1.486" /><testcase classname="test_recetas.TestWSLogin" name="test_ws_login_admin" time="1.786" /></testsuite></testsuites>